<?xml version="1.0" encoding="UTF-8"?>
<!-- Generated by org.testng.reporters.JUnitReportReporter -->
<testsuite skipped="0" hostname="in-suhailma-1" name="com.crm.qa.tests.HomePageTest" tests="4" failures="0" timestamp="03 Oct 2018 10:47:55 GMT" time="94.634" errors="0">
  <testcase name="verifyContactsLinkTest" time="28.072" classname="com.crm.qa.tests.HomePageTest"/>
  <testcase name="verifyUserNameTest" time="20.044" classname="com.crm.qa.tests.HomePageTest"/>
  <testcase name="clickOnLogout" time="20.875" classname="com.crm.qa.tests.HomePageTest"/>
  <testcase name="verifyHomepageTitleTest" time="25.643" classname="com.crm.qa.tests.HomePageTest"/>
</testsuite> <!-- com.crm.qa.tests.HomePageTest -->
