<?xml version="1.0" encoding="UTF-8"?>
<!-- Generated by org.testng.reporters.JUnitReportReporter -->
<testsuite skipped="0" hostname="in-suhailma-1" name="com.crm.qa.tests.ContactsPageTest" tests="3" failures="0" timestamp="04 Oct 2018 10:05:36 GMT" time="79.024" errors="0">
  <testcase name="validateCreateNewContactTest" time="31.721" classname="com.crm.qa.tests.ContactsPageTest"/>
  <testcase name="validateCreateNewContactTest" time="22.825" classname="com.crm.qa.tests.ContactsPageTest"/>
  <testcase name="validateCreateNewContactTest" time="24.478" classname="com.crm.qa.tests.ContactsPageTest"/>
</testsuite> <!-- com.crm.qa.tests.ContactsPageTest -->
