<?xml version="1.0" encoding="UTF-8"?>
<!-- Generated by org.testng.reporters.JUnitReportReporter -->
<testsuite skipped="0" hostname="in-suhailma-1" name="com.crm.qa.tests.LoginPageTest" tests="3" failures="0" timestamp="03 Oct 2018 10:45:01 GMT" time="49.363" errors="0">
  <testcase name="crmLogoImageTest" time="10.286" classname="com.crm.qa.tests.LoginPageTest"/>
  <testcase name="loginTest" time="26.428" classname="com.crm.qa.tests.LoginPageTest"/>
  <testcase name="loginPageTitleTest" time="12.649" classname="com.crm.qa.tests.LoginPageTest"/>
</testsuite> <!-- com.crm.qa.tests.LoginPageTest -->
